# JRE version: OpenJDK Runtime Environment Corretto-17.0.6.10.1 (17.0.6+10) (build 17.0.6+10-LTS)
# Java VM: OpenJDK 64-Bit Server VM Corretto-17.0.6.10.1 (17.0.6+10-LTS, mixed mode, sharing, tiered, compressed oops, compressed class ptrs, g1 gc, windows-amd64)
GC Precious Log:
 CPUs: 4 total, 4 available
 Memory: 4012M
 Large Page Support: Disabled
 NUMA Support: Disabled
 Compressed Oops: Enabled (32-bit)
 Heap Region Size: 1M
 Heap Min Capacity: 8M
 Heap Initial Capacity: 64M
 Heap Max Capacity: 1004M
 Pre-touch: Disabled
 Parallel Workers: 4
 Concurrent Workers: 1
 Concurrent Refinement Workers: 4
 Periodic GC: Disabled
Heap:
 garbage-first heap   total 110592K, used 35514K [0x00000000c1400000, 0x0000000100000000)
  region size 1024K, 5 young (5120K), 1 survivors (1024K)
 Metaspace       used 60589K, committed 60992K, reserved 1105920K
  class space    used 8070K, committed 8256K, reserved 1048576K
GC Heap History (20 events):
Event: 11003.224 GC heap before
{Heap before GC invocations=92 (full 0):
 garbage-first heap   total 110592K, used 36064K [0x00000000c1400000, 0x0000000100000000)
  region size 1024K, 5 young (5120K), 1 survivors (1024K)
 Metaspace       used 60573K, committed 60928K, reserved 1105920K
  class space    used 8070K, committed 8256K, reserved 1048576K
}
Event: 11003.658 GC heap after
{Heap after GC invocations=93 (full 0):
 garbage-first heap   total 110592K, used 31976K [0x00000000c1400000, 0x0000000100000000)
  region size 1024K, 1 young (1024K), 1 survivors (1024K)
 Metaspace       used 60573K, committed 60928K, reserved 1105920K
  class space    used 8070K, committed 8256K, reserved 1048576K
}
Event: 11074.409 GC heap before
{Heap before GC invocations=93 (full 0):
 garbage-first heap   total 110592K, used 36072K [0x00000000c1400000, 0x0000000100000000)
  region size 1024K, 5 young (5120K), 1 survivors (1024K)
 Metaspace       used 60573K, committed 60928K, reserved 1105920K
  class space    used 8070K, committed 8256K, reserved 1048576K
}
Event: 11074.470 GC heap after
{Heap after GC invocations=94 (full 0):
 garbage-first heap   total 110592K, used 31973K [0x00000000c1400000, 0x0000000100000000)
  region size 1024K, 1 young (1024K), 1 survivors (1024K)
 Metaspace       used 60573K, committed 60928K, reserved 1105920K
  class space    used 8070K, committed 8256K, reserved 1048576K
}
Event: 11145.457 GC heap before
{Heap before GC invocations=94 (full 0):
 garbage-first heap   total 110592K, used 36069K [0x00000000c1400000, 0x0000000100000000)
  region size 1024K, 5 young (5120K), 1 survivors (1024K)
 Metaspace       used 60574K, committed 60928K, reserved 1105920K
  class space    used 8070K, committed 8256K, reserved 1048576K
}
Event: 11145.458 GC heap after
{Heap after GC invocations=95 (full 0):
 garbage-first heap   total 110592K, used 31953K [0x00000000c1400000, 0x0000000100000000)
  region size 1024K, 1 young (1024K), 1 survivors (1024K)
 Metaspace       used 60574K, committed 60928K, reserved 1105920K
  class space    used 8070K, committed 8256K, reserved 1048576K
}
Event: 11324.270 GC heap before
{Heap before GC invocations=95 (full 0):
 garbage-first heap   total 110592K, used 42193K [0x00000000c1400000, 0x0000000100000000)
  region size 1024K, 11 young (11264K), 1 survivors (1024K)
 Metaspace       used 60574K, committed 60928K, reserved 1105920K
  class space    used 8070K, committed 8256K, reserved 1048576K
}
Event: 11324.364 GC heap after
{Heap after GC invocations=96 (full 0):
 garbage-first heap   total 110592K, used 31951K [0x00000000c1400000, 0x0000000100000000)
  region size 1024K, 1 young (1024K), 1 survivors (1024K)
 Metaspace       used 60574K, committed 60928K, reserved 1105920K
  class space    used 8070K, committed 8256K, reserved 1048576K
}
Event: 11669.927 GC heap before
{Heap before GC invocations=96 (full 0):
 garbage-first heap   total 110592K, used 51407K [0x00000000c1400000, 0x0000000100000000)
  region size 1024K, 20 young (20480K), 1 survivors (1024K)
 Metaspace       used 60574K, committed 60928K, reserved 1105920K
  class space    used 8070K, committed 8256K, reserved 1048576K
}
Event: 11669.976 GC heap after
{Heap after GC invocations=97 (full 0):
 garbage-first heap   total 110592K, used 31959K [0x00000000c1400000, 0x0000000100000000)
  region size 1024K, 1 young (1024K), 1 survivors (1024K)
 Metaspace       used 60574K, committed 60928K, reserved 1105920K
  class space    used 8070K, committed 8256K, reserved 1048576K
}
Event: 12293.189 GC heap before
{Heap before GC invocations=97 (full 0):
 garbage-first heap   total 110592K, used 66775K [0x00000000c1400000, 0x0000000100000000)
  region size 1024K, 35 young (35840K), 1 survivors (1024K)
 Metaspace       used 60574K, committed 60928K, reserved 1105920K
  class space    used 8070K, committed 8256K, reserved 1048576K
}
Event: 12293.598 GC heap after
{Heap after GC invocations=98 (full 0):
 garbage-first heap   total 110592K, used 31953K [0x00000000c1400000, 0x0000000100000000)
  region size 1024K, 1 young (1024K), 1 survivors (1024K)
 Metaspace       used 60574K, committed 60928K, reserved 1105920K
  class space    used 8070K, committed 8256K, reserved 1048576K
}
Event: 13351.835 GC heap before
{Heap before GC invocations=98 (full 0):
 garbage-first heap   total 110592K, used 93393K [0x00000000c1400000, 0x0000000100000000)
  region size 1024K, 61 young (62464K), 1 survivors (1024K)
 Metaspace       used 60589K, committed 60992K, reserved 1105920K
  class space    used 8070K, committed 8256K, reserved 1048576K
}
Event: 13354.684 GC heap after
{Heap after GC invocations=99 (full 0):
 garbage-first heap   total 110592K, used 32487K [0x00000000c1400000, 0x0000000100000000)
  region size 1024K, 1 young (1024K), 1 survivors (1024K)
 Metaspace       used 60589K, committed 60992K, reserved 1105920K
  class space    used 8070K, committed 8256K, reserved 1048576K
}
Event: 13428.562 GC heap before
{Heap before GC invocations=99 (full 0):
 garbage-first heap   total 110592K, used 36583K [0x00000000c1400000, 0x0000000100000000)
  region size 1024K, 5 young (5120K), 1 survivors (1024K)
 Metaspace       used 60589K, committed 60992K, reserved 1105920K
  class space    used 8070K, committed 8256K, reserved 1048576K
}
Event: 13429.030 GC heap after
{Heap after GC invocations=100 (full 0):
 garbage-first heap   total 110592K, used 32491K [0x00000000c1400000, 0x0000000100000000)
  region size 1024K, 1 young (1024K), 1 survivors (1024K)
 Metaspace       used 60589K, committed 60992K, reserved 1105920K
  class space    used 8070K, committed 8256K, reserved 1048576K
}
Event: 13499.814 GC heap before
{Heap before GC invocations=100 (full 0):
 garbage-first heap   total 110592K, used 36587K [0x00000000c1400000, 0x0000000100000000)
  region size 1024K, 5 young (5120K), 1 survivors (1024K)
 Metaspace       used 60589K, committed 60992K, reserved 1105920K
  class space    used 8070K, committed 8256K, reserved 1048576K
}
Event: 13500.165 GC heap after
{Heap after GC invocations=101 (full 0):
 garbage-first heap   total 110592K, used 32461K [0x00000000c1400000, 0x0000000100000000)
  region size 1024K, 1 young (1024K), 1 survivors (1024K)
 Metaspace       used 60589K, committed 60992K, reserved 1105920K
  class space    used 8070K, committed 8256K, reserved 1048576K
}
Event: 13573.889 GC heap before
{Heap before GC invocations=101 (full 0):
 garbage-first heap   total 110592K, used 36557K [0x00000000c1400000, 0x0000000100000000)
  region size 1024K, 5 young (5120K), 1 survivors (1024K)
 Metaspace       used 60589K, committed 60992K, reserved 1105920K
  class space    used 8070K, committed 8256K, reserved 1048576K
}
Event: 13573.920 GC heap after
{Heap after GC invocations=102 (full 0):
 garbage-first heap   total 110592K, used 32442K [0x00000000c1400000, 0x0000000100000000)
  region size 1024K, 1 young (1024K), 1 survivors (1024K)
 Metaspace       used 60589K, committed 60992K, reserved 1105920K
  class space    used 8070K, committed 8256K, reserved 1048576K
}

